{"C:\\GOIT-HW-REACT\\nodejs-homework\\app.js": {"path":"C:\\GOIT-HW-REACT\\nodejs-homework\\app.js","statementMap":{"0":{"start":{"line":1,"column":16},"end":{"line":1,"column":34}},"1":{"start":{"line":2,"column":15},"end":{"line":2,"column":32}},"2":{"start":{"line":3,"column":13},"end":{"line":3,"column":28}},"3":{"start":{"line":4,"column":17},"end":{"line":4,"column":36}},"4":{"start":{"line":5,"column":17},"end":{"line":5,"column":45}},"5":{"start":{"line":6,"column":0},"end":{"line":6,"column":27}},"6":{"start":{"line":8,"column":18},"end":{"line":8,"column":34}},"7":{"start":{"line":10,"column":12},"end":{"line":10,"column":25}},"8":{"start":{"line":12,"column":22},"end":{"line":12,"column":72}},"9":{"start":{"line":14,"column":0},"end":{"line":14,"column":31}},"10":{"start":{"line":15,"column":0},"end":{"line":15,"column":16}},"11":{"start":{"line":16,"column":0},"end":{"line":16,"column":24}},"12":{"start":{"line":17,"column":0},"end":{"line":17,"column":31}},"13":{"start":{"line":19,"column":0},"end":{"line":19,"column":27}},"14":{"start":{"line":21,"column":0},"end":{"line":28,"column":3}},"15":{"start":{"line":22,"column":2},"end":{"line":27,"column":5}},"16":{"start":{"line":30,"column":0},"end":{"line":38,"column":3}},"17":{"start":{"line":31,"column":2},"end":{"line":31,"column":25}},"18":{"start":{"line":32,"column":2},"end":{"line":37,"column":5}},"19":{"start":{"line":40,"column":20},"end":{"line":40,"column":31}},"20":{"start":{"line":42,"column":0},"end":{"line":50,"column":5}},"21":{"start":{"line":45,"column":4},"end":{"line":45,"column":50}},"22":{"start":{"line":48,"column":4},"end":{"line":48,"column":63}},"23":{"start":{"line":49,"column":4},"end":{"line":49,"column":20}},"24":{"start":{"line":52,"column":0},"end":{"line":52,"column":21}}},"fnMap":{"0":{"name":"(anonymous_0)","decl":{"start":{"line":21,"column":8},"end":{"line":21,"column":9}},"loc":{"start":{"line":21,"column":22},"end":{"line":28,"column":1}},"line":21},"1":{"name":"(anonymous_1)","decl":{"start":{"line":30,"column":8},"end":{"line":30,"column":9}},"loc":{"start":{"line":30,"column":33},"end":{"line":38,"column":1}},"line":30},"2":{"name":"(anonymous_2)","decl":{"start":{"line":44,"column":8},"end":{"line":44,"column":9}},"loc":{"start":{"line":44,"column":14},"end":{"line":46,"column":3}},"line":44},"3":{"name":"(anonymous_3)","decl":{"start":{"line":47,"column":9},"end":{"line":47,"column":10}},"loc":{"start":{"line":47,"column":20},"end":{"line":50,"column":3}},"line":47}},"branchMap":{"0":{"loc":{"start":{"line":12,"column":22},"end":{"line":12,"column":72}},"type":"cond-expr","locations":[{"start":{"line":12,"column":57},"end":{"line":12,"column":62}},{"start":{"line":12,"column":65},"end":{"line":12,"column":72}}],"line":12}},"s":{"0":1,"1":1,"2":1,"3":1,"4":1,"5":1,"6":1,"7":1,"8":1,"9":1,"10":1,"11":1,"12":1,"13":1,"14":1,"15":0,"16":1,"17":0,"18":0,"19":1,"20":1,"21":1,"22":0,"23":0,"24":1},"f":{"0":0,"1":0,"2":1,"3":0},"b":{"0":[0,1]},"_coverageSchema":"1a1c01bbd47fc00a2c39e90264f33305004495a9","hash":"71ab8b975c2cc8115122132b01abafccc7bf26f2"}
,"C:\\GOIT-HW-REACT\\nodejs-homework\\db.js": {"path":"C:\\GOIT-HW-REACT\\nodejs-homework\\db.js","statementMap":{"0":{"start":{"line":1,"column":17},"end":{"line":1,"column":36}},"1":{"start":{"line":3,"column":0},"end":{"line":6,"column":2}},"2":{"start":{"line":4,"column":20},"end":{"line":4,"column":41}},"3":{"start":{"line":5,"column":20},"end":{"line":5,"column":47}}},"fnMap":{"0":{"name":"(anonymous_0)","decl":{"start":{"line":4,"column":11},"end":{"line":4,"column":12}},"loc":{"start":{"line":4,"column":20},"end":{"line":4,"column":41}},"line":4},"1":{"name":"(anonymous_1)","decl":{"start":{"line":5,"column":14},"end":{"line":5,"column":15}},"loc":{"start":{"line":5,"column":20},"end":{"line":5,"column":47}},"line":5}},"branchMap":{},"s":{"0":1,"1":1,"2":1,"3":1},"f":{"0":1,"1":1},"b":{},"_coverageSchema":"1a1c01bbd47fc00a2c39e90264f33305004495a9","hash":"2f867b4de8410ac2087fa9c452a02a7d9e9b6ec3"}
,"C:\\GOIT-HW-REACT\\nodejs-homework\\api\\index.js": {"path":"C:\\GOIT-HW-REACT\\nodejs-homework\\api\\index.js","statementMap":{"0":{"start":{"line":1,"column":16},"end":{"line":1,"column":34}},"1":{"start":{"line":2,"column":15},"end":{"line":2,"column":35}},"2":{"start":{"line":3,"column":20},"end":{"line":3,"column":53}},"3":{"start":{"line":4,"column":17},"end":{"line":4,"column":46}},"4":{"start":{"line":5,"column":17},"end":{"line":5,"column":36}},"5":{"start":{"line":7,"column":13},"end":{"line":7,"column":61}},"6":{"start":{"line":9,"column":0},"end":{"line":9,"column":47}},"7":{"start":{"line":10,"column":0},"end":{"line":10,"column":55}},"8":{"start":{"line":11,"column":0},"end":{"line":11,"column":51}},"9":{"start":{"line":12,"column":0},"end":{"line":12,"column":54}},"10":{"start":{"line":13,"column":0},"end":{"line":13,"column":71}},"11":{"start":{"line":14,"column":0},"end":{"line":14,"column":57}},"12":{"start":{"line":16,"column":0},"end":{"line":16,"column":46}},"13":{"start":{"line":17,"column":0},"end":{"line":17,"column":44}},"14":{"start":{"line":18,"column":0},"end":{"line":18,"column":54}},"15":{"start":{"line":19,"column":0},"end":{"line":19,"column":53}},"16":{"start":{"line":20,"column":0},"end":{"line":20,"column":64}},"17":{"start":{"line":21,"column":0},"end":{"line":21,"column":63}},"18":{"start":{"line":23,"column":0},"end":{"line":23,"column":24}}},"fnMap":{},"branchMap":{},"s":{"0":1,"1":1,"2":1,"3":1,"4":1,"5":1,"6":1,"7":1,"8":1,"9":1,"10":1,"11":1,"12":1,"13":1,"14":1,"15":1,"16":1,"17":1,"18":1},"f":{},"b":{},"_coverageSchema":"1a1c01bbd47fc00a2c39e90264f33305004495a9","hash":"7d23101cc0e5da5a57342ac9309ab092b3998ece"}
,"C:\\GOIT-HW-REACT\\nodejs-homework\\config\\passport.js": {"path":"C:\\GOIT-HW-REACT\\nodejs-homework\\config\\passport.js","statementMap":{"0":{"start":{"line":1,"column":17},"end":{"line":1,"column":36}},"1":{"start":{"line":2,"column":33},"end":{"line":2,"column":56}},"2":{"start":{"line":3,"column":17},"end":{"line":3,"column":51}},"3":{"start":{"line":4,"column":0},"end":{"line":4,"column":27}},"4":{"start":{"line":6,"column":16},"end":{"line":9,"column":1}},"5":{"start":{"line":11,"column":0},"end":{"line":24,"column":2}},"6":{"start":{"line":13,"column":4},"end":{"line":22,"column":5}},"7":{"start":{"line":14,"column":19},"end":{"line":14,"column":50}},"8":{"start":{"line":15,"column":6},"end":{"line":19,"column":7}},"9":{"start":{"line":16,"column":8},"end":{"line":16,"column":32}},"10":{"start":{"line":18,"column":8},"end":{"line":18,"column":33}},"11":{"start":{"line":21,"column":6},"end":{"line":21,"column":32}},"12":{"start":{"line":26,"column":0},"end":{"line":26,"column":26}}},"fnMap":{"0":{"name":"(anonymous_0)","decl":{"start":{"line":12,"column":24},"end":{"line":12,"column":25}},"loc":{"start":{"line":12,"column":49},"end":{"line":23,"column":3}},"line":12}},"branchMap":{"0":{"loc":{"start":{"line":15,"column":6},"end":{"line":19,"column":7}},"type":"if","locations":[{"start":{"line":15,"column":6},"end":{"line":19,"column":7}},{"start":{"line":17,"column":13},"end":{"line":19,"column":7}}],"line":15}},"s":{"0":1,"1":1,"2":1,"3":1,"4":1,"5":1,"6":0,"7":0,"8":0,"9":0,"10":0,"11":0,"12":1},"f":{"0":0},"b":{"0":[0,0]},"_coverageSchema":"1a1c01bbd47fc00a2c39e90264f33305004495a9","hash":"a0253fd4c9eadf5c08454b14c119283a184f5d44"}
,"C:\\GOIT-HW-REACT\\nodejs-homework\\controller\\contacts.js": {"path":"C:\\GOIT-HW-REACT\\nodejs-homework\\controller\\contacts.js","statementMap":{"0":{"start":{"line":1,"column":16},"end":{"line":1,"column":46}},"1":{"start":{"line":2,"column":36},"end":{"line":2,"column":73}},"2":{"start":{"line":4,"column":12},"end":{"line":20,"column":1}},"3":{"start":{"line":5,"column":2},"end":{"line":19,"column":3}},"4":{"start":{"line":6,"column":19},"end":{"line":6,"column":31}},"5":{"start":{"line":7,"column":20},"end":{"line":7,"column":56}},"6":{"start":{"line":8,"column":4},"end":{"line":8,"column":46}},"7":{"start":{"line":9,"column":4},"end":{"line":15,"column":7}},"8":{"start":{"line":17,"column":4},"end":{"line":17,"column":21}},"9":{"start":{"line":18,"column":4},"end":{"line":18,"column":12}},"10":{"start":{"line":22,"column":16},"end":{"line":46,"column":1}},"11":{"start":{"line":23,"column":17},"end":{"line":23,"column":27}},"12":{"start":{"line":24,"column":17},"end":{"line":24,"column":29}},"13":{"start":{"line":25,"column":2},"end":{"line":45,"column":3}},"14":{"start":{"line":26,"column":19},"end":{"line":26,"column":59}},"15":{"start":{"line":27,"column":4},"end":{"line":27,"column":50}},"16":{"start":{"line":28,"column":4},"end":{"line":41,"column":5}},"17":{"start":{"line":29,"column":6},"end":{"line":33,"column":9}},"18":{"start":{"line":35,"column":6},"end":{"line":40,"column":9}},"19":{"start":{"line":43,"column":4},"end":{"line":43,"column":21}},"20":{"start":{"line":44,"column":4},"end":{"line":44,"column":12}},"21":{"start":{"line":48,"column":15},"end":{"line":85,"column":1}},"22":{"start":{"line":49,"column":33},"end":{"line":49,"column":41}},"23":{"start":{"line":50,"column":17},"end":{"line":50,"column":29}},"24":{"start":{"line":51,"column":20},"end":{"line":51,"column":76}},"25":{"start":{"line":52,"column":2},"end":{"line":59,"column":3}},"26":{"start":{"line":53,"column":4},"end":{"line":58,"column":7}},"27":{"start":{"line":60,"column":2},"end":{"line":84,"column":3}},"28":{"start":{"line":61,"column":19},"end":{"line":66,"column":6}},"29":{"start":{"line":67,"column":4},"end":{"line":67,"column":44}},"30":{"start":{"line":68,"column":4},"end":{"line":72,"column":7}},"31":{"start":{"line":74,"column":4},"end":{"line":74,"column":21}},"32":{"start":{"line":75,"column":4},"end":{"line":82,"column":5}},"33":{"start":{"line":76,"column":6},"end":{"line":81,"column":9}},"34":{"start":{"line":83,"column":4},"end":{"line":83,"column":12}},"35":{"start":{"line":87,"column":15},"end":{"line":129,"column":1}},"36":{"start":{"line":88,"column":17},"end":{"line":88,"column":27}},"37":{"start":{"line":89,"column":33},"end":{"line":89,"column":41}},"38":{"start":{"line":90,"column":17},"end":{"line":90,"column":29}},"39":{"start":{"line":91,"column":20},"end":{"line":95,"column":4}},"40":{"start":{"line":96,"column":2},"end":{"line":103,"column":3}},"41":{"start":{"line":97,"column":4},"end":{"line":102,"column":7}},"42":{"start":{"line":104,"column":2},"end":{"line":128,"column":3}},"43":{"start":{"line":105,"column":19},"end":{"line":109,"column":5}},"44":{"start":{"line":110,"column":4},"end":{"line":110,"column":44}},"45":{"start":{"line":111,"column":4},"end":{"line":124,"column":5}},"46":{"start":{"line":112,"column":6},"end":{"line":116,"column":9}},"47":{"start":{"line":118,"column":6},"end":{"line":123,"column":9}},"48":{"start":{"line":126,"column":4},"end":{"line":126,"column":21}},"49":{"start":{"line":127,"column":4},"end":{"line":127,"column":12}},"50":{"start":{"line":131,"column":21},"end":{"line":165,"column":1}},"51":{"start":{"line":132,"column":17},"end":{"line":132,"column":27}},"52":{"start":{"line":133,"column":31},"end":{"line":133,"column":39}},"53":{"start":{"line":134,"column":17},"end":{"line":134,"column":29}},"54":{"start":{"line":135,"column":20},"end":{"line":135,"column":66}},"55":{"start":{"line":136,"column":2},"end":{"line":143,"column":3}},"56":{"start":{"line":137,"column":4},"end":{"line":142,"column":7}},"57":{"start":{"line":144,"column":2},"end":{"line":164,"column":3}},"58":{"start":{"line":145,"column":19},"end":{"line":145,"column":72}},"59":{"start":{"line":146,"column":4},"end":{"line":146,"column":51}},"60":{"start":{"line":147,"column":4},"end":{"line":160,"column":5}},"61":{"start":{"line":148,"column":6},"end":{"line":152,"column":9}},"62":{"start":{"line":154,"column":6},"end":{"line":159,"column":9}},"63":{"start":{"line":162,"column":4},"end":{"line":162,"column":21}},"64":{"start":{"line":163,"column":4},"end":{"line":163,"column":12}},"65":{"start":{"line":167,"column":15},"end":{"line":191,"column":1}},"66":{"start":{"line":168,"column":17},"end":{"line":168,"column":27}},"67":{"start":{"line":169,"column":17},"end":{"line":169,"column":29}},"68":{"start":{"line":170,"column":2},"end":{"line":190,"column":3}},"69":{"start":{"line":171,"column":19},"end":{"line":171,"column":58}},"70":{"start":{"line":172,"column":4},"end":{"line":172,"column":44}},"71":{"start":{"line":173,"column":4},"end":{"line":186,"column":5}},"72":{"start":{"line":174,"column":6},"end":{"line":178,"column":9}},"73":{"start":{"line":180,"column":6},"end":{"line":185,"column":9}},"74":{"start":{"line":188,"column":4},"end":{"line":188,"column":21}},"75":{"start":{"line":189,"column":4},"end":{"line":189,"column":12}},"76":{"start":{"line":193,"column":0},"end":{"line":200,"column":2}}},"fnMap":{"0":{"name":"(anonymous_0)","decl":{"start":{"line":4,"column":12},"end":{"line":4,"column":13}},"loc":{"start":{"line":4,"column":38},"end":{"line":20,"column":1}},"line":4},"1":{"name":"(anonymous_1)","decl":{"start":{"line":22,"column":16},"end":{"line":22,"column":17}},"loc":{"start":{"line":22,"column":42},"end":{"line":46,"column":1}},"line":22},"2":{"name":"(anonymous_2)","decl":{"start":{"line":48,"column":15},"end":{"line":48,"column":16}},"loc":{"start":{"line":48,"column":41},"end":{"line":85,"column":1}},"line":48},"3":{"name":"(anonymous_3)","decl":{"start":{"line":87,"column":15},"end":{"line":87,"column":16}},"loc":{"start":{"line":87,"column":41},"end":{"line":129,"column":1}},"line":87},"4":{"name":"(anonymous_4)","decl":{"start":{"line":131,"column":21},"end":{"line":131,"column":22}},"loc":{"start":{"line":131,"column":47},"end":{"line":165,"column":1}},"line":131},"5":{"name":"(anonymous_5)","decl":{"start":{"line":167,"column":15},"end":{"line":167,"column":16}},"loc":{"start":{"line":167,"column":41},"end":{"line":191,"column":1}},"line":167}},"branchMap":{"0":{"loc":{"start":{"line":28,"column":4},"end":{"line":41,"column":5}},"type":"if","locations":[{"start":{"line":28,"column":4},"end":{"line":41,"column":5}},{"start":{"line":34,"column":11},"end":{"line":41,"column":5}}],"line":28},"1":{"loc":{"start":{"line":52,"column":2},"end":{"line":59,"column":3}},"type":"if","locations":[{"start":{"line":52,"column":2},"end":{"line":59,"column":3}},{"start":{},"end":{}}],"line":52},"2":{"loc":{"start":{"line":75,"column":4},"end":{"line":82,"column":5}},"type":"if","locations":[{"start":{"line":75,"column":4},"end":{"line":82,"column":5}},{"start":{},"end":{}}],"line":75},"3":{"loc":{"start":{"line":96,"column":2},"end":{"line":103,"column":3}},"type":"if","locations":[{"start":{"line":96,"column":2},"end":{"line":103,"column":3}},{"start":{},"end":{}}],"line":96},"4":{"loc":{"start":{"line":111,"column":4},"end":{"line":124,"column":5}},"type":"if","locations":[{"start":{"line":111,"column":4},"end":{"line":124,"column":5}},{"start":{"line":117,"column":11},"end":{"line":124,"column":5}}],"line":111},"5":{"loc":{"start":{"line":133,"column":10},"end":{"line":133,"column":26}},"type":"default-arg","locations":[{"start":{"line":133,"column":21},"end":{"line":133,"column":26}}],"line":133},"6":{"loc":{"start":{"line":136,"column":2},"end":{"line":143,"column":3}},"type":"if","locations":[{"start":{"line":136,"column":2},"end":{"line":143,"column":3}},{"start":{},"end":{}}],"line":136},"7":{"loc":{"start":{"line":147,"column":4},"end":{"line":160,"column":5}},"type":"if","locations":[{"start":{"line":147,"column":4},"end":{"line":160,"column":5}},{"start":{"line":153,"column":11},"end":{"line":160,"column":5}}],"line":147},"8":{"loc":{"start":{"line":173,"column":4},"end":{"line":186,"column":5}},"type":"if","locations":[{"start":{"line":173,"column":4},"end":{"line":186,"column":5}},{"start":{"line":179,"column":11},"end":{"line":186,"column":5}}],"line":173}},"s":{"0":1,"1":1,"2":1,"3":0,"4":0,"5":0,"6":0,"7":0,"8":0,"9":0,"10":1,"11":0,"12":0,"13":0,"14":0,"15":0,"16":0,"17":0,"18":0,"19":0,"20":0,"21":1,"22":0,"23":0,"24":0,"25":0,"26":0,"27":0,"28":0,"29":0,"30":0,"31":0,"32":0,"33":0,"34":0,"35":1,"36":0,"37":0,"38":0,"39":0,"40":0,"41":0,"42":0,"43":0,"44":0,"45":0,"46":0,"47":0,"48":0,"49":0,"50":1,"51":0,"52":0,"53":0,"54":0,"55":0,"56":0,"57":0,"58":0,"59":0,"60":0,"61":0,"62":0,"63":0,"64":0,"65":1,"66":0,"67":0,"68":0,"69":0,"70":0,"71":0,"72":0,"73":0,"74":0,"75":0,"76":1},"f":{"0":0,"1":0,"2":0,"3":0,"4":0,"5":0},"b":{"0":[0,0],"1":[0,0],"2":[0,0],"3":[0,0],"4":[0,0],"5":[0],"6":[0,0],"7":[0,0],"8":[0,0]},"_coverageSchema":"1a1c01bbd47fc00a2c39e90264f33305004495a9","hash":"ecc6487e2ad516850b092682a0e2e94c08bdb586"}
,"C:\\GOIT-HW-REACT\\nodejs-homework\\controller\\user.js": {"path":"C:\\GOIT-HW-REACT\\nodejs-homework\\controller\\user.js","statementMap":{"0":{"start":{"line":1,"column":12},"end":{"line":1,"column":35}},"1":{"start":{"line":2,"column":17},"end":{"line":2,"column":51}},"2":{"start":{"line":3,"column":0},"end":{"line":3,"column":27}},"3":{"start":{"line":4,"column":22},"end":{"line":4,"column":51}},"4":{"start":{"line":5,"column":23},"end":{"line":5,"column":38}},"5":{"start":{"line":7,"column":15},"end":{"line":35,"column":1}},"6":{"start":{"line":8,"column":30},"end":{"line":8,"column":38}},"7":{"start":{"line":9,"column":2},"end":{"line":34,"column":3}},"8":{"start":{"line":10,"column":25},"end":{"line":10,"column":54}},"9":{"start":{"line":11,"column":4},"end":{"line":13,"column":5}},"10":{"start":{"line":12,"column":6},"end":{"line":12,"column":63}},"11":{"start":{"line":14,"column":30},"end":{"line":14,"column":38}},"12":{"start":{"line":15,"column":20},"end":{"line":15,"column":175}},"13":{"start":{"line":16,"column":20},"end":{"line":20,"column":6}},"14":{"start":{"line":21,"column":4},"end":{"line":21,"column":34}},"15":{"start":{"line":22,"column":4},"end":{"line":22,"column":25}},"16":{"start":{"line":23,"column":4},"end":{"line":23,"column":73}},"17":{"start":{"line":24,"column":4},"end":{"line":31,"column":7}},"18":{"start":{"line":33,"column":4},"end":{"line":33,"column":16}},"19":{"start":{"line":37,"column":14},"end":{"line":58,"column":1}},"20":{"start":{"line":38,"column":30},"end":{"line":38,"column":38}},"21":{"start":{"line":39,"column":2},"end":{"line":57,"column":3}},"22":{"start":{"line":40,"column":17},"end":{"line":40,"column":46}},"23":{"start":{"line":41,"column":4},"end":{"line":43,"column":5}},"24":{"start":{"line":42,"column":6},"end":{"line":42,"column":77}},"25":{"start":{"line":44,"column":20},"end":{"line":44,"column":55}},"26":{"start":{"line":45,"column":18},"end":{"line":45,"column":76}},"27":{"start":{"line":46,"column":4},"end":{"line":46,"column":23}},"28":{"start":{"line":47,"column":4},"end":{"line":47,"column":22}},"29":{"start":{"line":48,"column":4},"end":{"line":54,"column":7}},"30":{"start":{"line":56,"column":4},"end":{"line":56,"column":16}},"31":{"start":{"line":60,"column":13},"end":{"line":77,"column":1}},"32":{"start":{"line":61,"column":21},"end":{"line":61,"column":46}},"33":{"start":{"line":62,"column":2},"end":{"line":64,"column":3}},"34":{"start":{"line":63,"column":4},"end":{"line":63,"column":63}},"35":{"start":{"line":65,"column":16},"end":{"line":65,"column":40}},"36":{"start":{"line":66,"column":2},"end":{"line":76,"column":3}},"37":{"start":{"line":67,"column":20},"end":{"line":67,"column":57}},"38":{"start":{"line":68,"column":17},"end":{"line":68,"column":56}},"39":{"start":{"line":69,"column":4},"end":{"line":71,"column":5}},"40":{"start":{"line":70,"column":6},"end":{"line":70,"column":65}},"41":{"start":{"line":72,"column":4},"end":{"line":72,"column":20}},"42":{"start":{"line":73,"column":4},"end":{"line":73,"column":11}},"43":{"start":{"line":75,"column":4},"end":{"line":75,"column":63}},"44":{"start":{"line":79,"column":15},"end":{"line":87,"column":1}},"45":{"start":{"line":80,"column":17},"end":{"line":80,"column":29}},"46":{"start":{"line":81,"column":2},"end":{"line":86,"column":3}},"47":{"start":{"line":82,"column":4},"end":{"line":82,"column":58}},"48":{"start":{"line":83,"column":4},"end":{"line":83,"column":27}},"49":{"start":{"line":85,"column":4},"end":{"line":85,"column":16}},"50":{"start":{"line":89,"column":16},"end":{"line":95,"column":1}},"51":{"start":{"line":90,"column":15},"end":{"line":90,"column":23}},"52":{"start":{"line":91,"column":2},"end":{"line":94,"column":5}},"53":{"start":{"line":97,"column":15},"end":{"line":113,"column":1}},"54":{"start":{"line":98,"column":32},"end":{"line":98,"column":42}},"55":{"start":{"line":99,"column":2},"end":{"line":112,"column":3}},"56":{"start":{"line":100,"column":17},"end":{"line":100,"column":58}},"57":{"start":{"line":101,"column":4},"end":{"line":103,"column":5}},"58":{"start":{"line":102,"column":6},"end":{"line":102,"column":65}},"59":{"start":{"line":104,"column":4},"end":{"line":104,"column":23}},"60":{"start":{"line":105,"column":4},"end":{"line":105,"column":22}},"61":{"start":{"line":106,"column":4},"end":{"line":109,"column":7}},"62":{"start":{"line":111,"column":4},"end":{"line":111,"column":16}},"63":{"start":{"line":115,"column":32},"end":{"line":136,"column":1}},"64":{"start":{"line":116,"column":20},"end":{"line":116,"column":28}},"65":{"start":{"line":118,"column":2},"end":{"line":135,"column":3}},"66":{"start":{"line":119,"column":17},"end":{"line":119,"column":46}},"67":{"start":{"line":120,"column":4},"end":{"line":122,"column":5}},"68":{"start":{"line":121,"column":6},"end":{"line":121,"column":65}},"69":{"start":{"line":123,"column":4},"end":{"line":127,"column":5}},"70":{"start":{"line":124,"column":6},"end":{"line":126,"column":67}},"71":{"start":{"line":129,"column":20},"end":{"line":129,"column":162}},"72":{"start":{"line":130,"column":4},"end":{"line":130,"column":79}},"73":{"start":{"line":132,"column":4},"end":{"line":132,"column":65}},"74":{"start":{"line":134,"column":4},"end":{"line":134,"column":16}},"75":{"start":{"line":138,"column":0},"end":{"line":146,"column":2}}},"fnMap":{"0":{"name":"(anonymous_0)","decl":{"start":{"line":7,"column":15},"end":{"line":7,"column":16}},"loc":{"start":{"line":7,"column":41},"end":{"line":35,"column":1}},"line":7},"1":{"name":"(anonymous_1)","decl":{"start":{"line":37,"column":14},"end":{"line":37,"column":15}},"loc":{"start":{"line":37,"column":40},"end":{"line":58,"column":1}},"line":37},"2":{"name":"(anonymous_2)","decl":{"start":{"line":60,"column":13},"end":{"line":60,"column":14}},"loc":{"start":{"line":60,"column":39},"end":{"line":77,"column":1}},"line":60},"3":{"name":"(anonymous_3)","decl":{"start":{"line":79,"column":15},"end":{"line":79,"column":16}},"loc":{"start":{"line":79,"column":41},"end":{"line":87,"column":1}},"line":79},"4":{"name":"(anonymous_4)","decl":{"start":{"line":89,"column":16},"end":{"line":89,"column":17}},"loc":{"start":{"line":89,"column":36},"end":{"line":95,"column":1}},"line":89},"5":{"name":"(anonymous_5)","decl":{"start":{"line":97,"column":15},"end":{"line":97,"column":16}},"loc":{"start":{"line":97,"column":41},"end":{"line":113,"column":1}},"line":97},"6":{"name":"(anonymous_6)","decl":{"start":{"line":115,"column":32},"end":{"line":115,"column":33}},"loc":{"start":{"line":115,"column":58},"end":{"line":136,"column":1}},"line":115}},"branchMap":{"0":{"loc":{"start":{"line":11,"column":4},"end":{"line":13,"column":5}},"type":"if","locations":[{"start":{"line":11,"column":4},"end":{"line":13,"column":5}},{"start":{},"end":{}}],"line":11},"1":{"loc":{"start":{"line":41,"column":4},"end":{"line":43,"column":5}},"type":"if","locations":[{"start":{"line":41,"column":4},"end":{"line":43,"column":5}},{"start":{},"end":{}}],"line":41},"2":{"loc":{"start":{"line":41,"column":8},"end":{"line":41,"column":46}},"type":"binary-expr","locations":[{"start":{"line":41,"column":8},"end":{"line":41,"column":13}},{"start":{"line":41,"column":17},"end":{"line":41,"column":46}}],"line":41},"3":{"loc":{"start":{"line":62,"column":2},"end":{"line":64,"column":3}},"type":"if","locations":[{"start":{"line":62,"column":2},"end":{"line":64,"column":3}},{"start":{},"end":{}}],"line":62},"4":{"loc":{"start":{"line":69,"column":4},"end":{"line":71,"column":5}},"type":"if","locations":[{"start":{"line":69,"column":4},"end":{"line":71,"column":5}},{"start":{},"end":{}}],"line":69},"5":{"loc":{"start":{"line":69,"column":8},"end":{"line":69,"column":37}},"type":"binary-expr","locations":[{"start":{"line":69,"column":8},"end":{"line":69,"column":13}},{"start":{"line":69,"column":17},"end":{"line":69,"column":37}}],"line":69},"6":{"loc":{"start":{"line":101,"column":4},"end":{"line":103,"column":5}},"type":"if","locations":[{"start":{"line":101,"column":4},"end":{"line":103,"column":5}},{"start":{},"end":{}}],"line":101},"7":{"loc":{"start":{"line":120,"column":4},"end":{"line":122,"column":5}},"type":"if","locations":[{"start":{"line":120,"column":4},"end":{"line":122,"column":5}},{"start":{},"end":{}}],"line":120},"8":{"loc":{"start":{"line":123,"column":4},"end":{"line":127,"column":5}},"type":"if","locations":[{"start":{"line":123,"column":4},"end":{"line":127,"column":5}},{"start":{},"end":{}}],"line":123}},"s":{"0":1,"1":1,"2":1,"3":1,"4":1,"5":1,"6":2,"7":2,"8":2,"9":2,"10":1,"11":1,"12":1,"13":1,"14":1,"15":1,"16":1,"17":1,"18":0,"19":1,"20":1,"21":1,"22":1,"23":1,"24":0,"25":1,"26":1,"27":1,"28":1,"29":1,"30":0,"31":1,"32":0,"33":0,"34":0,"35":0,"36":0,"37":0,"38":0,"39":0,"40":0,"41":0,"42":0,"43":0,"44":1,"45":0,"46":0,"47":0,"48":0,"49":0,"50":1,"51":0,"52":0,"53":1,"54":0,"55":0,"56":0,"57":0,"58":0,"59":0,"60":0,"61":0,"62":0,"63":1,"64":0,"65":0,"66":0,"67":0,"68":0,"69":0,"70":0,"71":0,"72":0,"73":0,"74":0,"75":1},"f":{"0":2,"1":1,"2":0,"3":0,"4":0,"5":0,"6":0},"b":{"0":[1,1],"1":[0,1],"2":[1,1],"3":[0,0],"4":[0,0],"5":[0,0],"6":[0,0],"7":[0,0],"8":[0,0]},"_coverageSchema":"1a1c01bbd47fc00a2c39e90264f33305004495a9","hash":"23edb8320a46f1babd6255af41704287491c3f86"}
,"C:\\GOIT-HW-REACT\\nodejs-homework\\service\\contacts.js": {"path":"C:\\GOIT-HW-REACT\\nodejs-homework\\service\\contacts.js","statementMap":{"0":{"start":{"line":1,"column":20},"end":{"line":1,"column":48}},"1":{"start":{"line":3,"column":23},"end":{"line":6,"column":1}},"2":{"start":{"line":4,"column":19},"end":{"line":4,"column":56}},"3":{"start":{"line":5,"column":2},"end":{"line":5,"column":18}},"4":{"start":{"line":8,"column":23},"end":{"line":10,"column":1}},"5":{"start":{"line":9,"column":2},"end":{"line":9,"column":53}},"6":{"start":{"line":12,"column":22},"end":{"line":19,"column":1}},"7":{"start":{"line":13,"column":26},"end":{"line":13,"column":58}},"8":{"start":{"line":14,"column":2},"end":{"line":16,"column":3}},"9":{"start":{"line":15,"column":4},"end":{"line":15,"column":44}},"10":{"start":{"line":17,"column":21},"end":{"line":17,"column":63}},"11":{"start":{"line":18,"column":2},"end":{"line":18,"column":33}},"12":{"start":{"line":21,"column":22},"end":{"line":25,"column":1}},"13":{"start":{"line":22,"column":2},"end":{"line":24,"column":5}},"14":{"start":{"line":27,"column":22},"end":{"line":29,"column":1}},"15":{"start":{"line":28,"column":2},"end":{"line":28,"column":76}},"16":{"start":{"line":31,"column":0},"end":{"line":37,"column":2}}},"fnMap":{"0":{"name":"(anonymous_0)","decl":{"start":{"line":3,"column":23},"end":{"line":3,"column":24}},"loc":{"start":{"line":3,"column":41},"end":{"line":6,"column":1}},"line":3},"1":{"name":"(anonymous_1)","decl":{"start":{"line":8,"column":23},"end":{"line":8,"column":24}},"loc":{"start":{"line":8,"column":39},"end":{"line":10,"column":1}},"line":8},"2":{"name":"(anonymous_2)","decl":{"start":{"line":12,"column":22},"end":{"line":12,"column":23}},"loc":{"start":{"line":12,"column":63},"end":{"line":19,"column":1}},"line":12},"3":{"name":"(anonymous_3)","decl":{"start":{"line":21,"column":22},"end":{"line":21,"column":23}},"loc":{"start":{"line":21,"column":46},"end":{"line":25,"column":1}},"line":21},"4":{"name":"(anonymous_4)","decl":{"start":{"line":27,"column":22},"end":{"line":27,"column":23}},"loc":{"start":{"line":27,"column":51},"end":{"line":29,"column":1}},"line":27}},"branchMap":{"0":{"loc":{"start":{"line":14,"column":2},"end":{"line":16,"column":3}},"type":"if","locations":[{"start":{"line":14,"column":2},"end":{"line":16,"column":3}},{"start":{},"end":{}}],"line":14}},"s":{"0":1,"1":1,"2":0,"3":0,"4":1,"5":0,"6":1,"7":0,"8":0,"9":0,"10":0,"11":0,"12":1,"13":0,"14":1,"15":0,"16":1},"f":{"0":0,"1":0,"2":0,"3":0,"4":0},"b":{"0":[0,0]},"_coverageSchema":"1a1c01bbd47fc00a2c39e90264f33305004495a9","hash":"715d3921485e217e35900162ab960caeb5761a56"}
,"C:\\GOIT-HW-REACT\\nodejs-homework\\service\\schemas\\contact.js": {"path":"C:\\GOIT-HW-REACT\\nodejs-homework\\service\\schemas\\contact.js","statementMap":{"0":{"start":{"line":1,"column":17},"end":{"line":1,"column":36}},"1":{"start":{"line":2,"column":12},"end":{"line":2,"column":26}},"2":{"start":{"line":3,"column":15},"end":{"line":3,"column":30}},"3":{"start":{"line":5,"column":16},"end":{"line":36,"column":1}},"4":{"start":{"line":38,"column":32},"end":{"line":43,"column":2}},"5":{"start":{"line":45,"column":16},"end":{"line":45,"column":50}},"6":{"start":{"line":47,"column":0},"end":{"line":47,"column":54}}},"fnMap":{},"branchMap":{},"s":{"0":1,"1":1,"2":1,"3":1,"4":1,"5":1,"6":1},"f":{},"b":{},"_coverageSchema":"1a1c01bbd47fc00a2c39e90264f33305004495a9","hash":"763287a7c45c07857e06066f34e6e15be8ccdf2b"}
,"C:\\GOIT-HW-REACT\\nodejs-homework\\service\\schemas\\user.js": {"path":"C:\\GOIT-HW-REACT\\nodejs-homework\\service\\schemas\\user.js","statementMap":{"0":{"start":{"line":1,"column":17},"end":{"line":1,"column":36}},"1":{"start":{"line":2,"column":15},"end":{"line":2,"column":30}},"2":{"start":{"line":3,"column":15},"end":{"line":3,"column":34}},"3":{"start":{"line":5,"column":19},"end":{"line":32,"column":2}},"4":{"start":{"line":34,"column":0},"end":{"line":36,"column":2}},"5":{"start":{"line":35,"column":2},"end":{"line":35,"column":67}},"6":{"start":{"line":38,"column":0},"end":{"line":40,"column":2}},"7":{"start":{"line":39,"column":2},"end":{"line":39,"column":53}},"8":{"start":{"line":42,"column":12},"end":{"line":42,"column":26}},"9":{"start":{"line":44,"column":29},"end":{"line":47,"column":2}},"10":{"start":{"line":49,"column":13},"end":{"line":49,"column":47}},"11":{"start":{"line":51,"column":0},"end":{"line":51,"column":48}}},"fnMap":{"0":{"name":"(anonymous_0)","decl":{"start":{"line":34,"column":33},"end":{"line":34,"column":34}},"loc":{"start":{"line":34,"column":53},"end":{"line":36,"column":1}},"line":34},"1":{"name":"(anonymous_1)","decl":{"start":{"line":38,"column":35},"end":{"line":38,"column":36}},"loc":{"start":{"line":38,"column":55},"end":{"line":40,"column":1}},"line":38}},"branchMap":{},"s":{"0":1,"1":1,"2":1,"3":1,"4":1,"5":1,"6":1,"7":1,"8":1,"9":1,"10":1,"11":1},"f":{"0":1,"1":1},"b":{},"_coverageSchema":"1a1c01bbd47fc00a2c39e90264f33305004495a9","hash":"5a53c04c2fa492dd3bfdf3c55b5903844651e217"}
}
